2020-08-11 18:05:41,182:WARNING:discord.client: PyNaCl is not installed, voice will NOT be supported
2020-08-11 18:05:41,182:DEBUG:discord.client: on_ready has successfully been registered as an event
2020-08-11 18:05:41,182:DEBUG:discord.client: on_message has successfully been registered as an event
2020-08-11 18:05:41,182:DEBUG:discord.client: on_message_edit has successfully been registered as an event
2020-08-11 18:05:41,182:INFO:discord.client: logging in using static token
2020-08-11 18:05:41,347:DEBUG:discord.http: GET https://discordapp.com/api/v7/users/@me with None has returned 200
2020-08-11 18:05:41,348:DEBUG:discord.http: GET https://discordapp.com/api/v7/users/@me has received {'id': '742841969679532073', 'username': 'NotesCreator', 'avatar': 'b771640db0eceef8b503b2cc4c4c29c9', 'discriminator': '6685', 'public_flags': 0, 'flags': 0, 'bot': True, 'email': None, 'verified': True, 'locale': 'en-US', 'mfa_enabled': False}
2020-08-11 18:05:41,372:DEBUG:discord.http: GET https://discordapp.com/api/v7/gateway with None has returned 200
2020-08-11 18:05:41,372:DEBUG:discord.http: GET https://discordapp.com/api/v7/gateway has received {'url': 'wss://gateway.discord.gg'}
2020-08-11 18:05:41,542:INFO:discord.gateway: Created websocket connected to wss://gateway.discord.gg?encoding=json&v=6&compress=zlib-stream
2020-08-11 18:05:41,543:DEBUG:discord.client: Dispatching event socket_raw_receive
2020-08-11 18:05:41,543:DEBUG:discord.gateway: For Shard ID None: WebSocket Event: {'t': None, 's': None, 'op': 10, 'd': {'heartbeat_interval': 41250, '_trace': ['["gateway-prd-main-j2rq",{"micros":0.0}]']}}
2020-08-11 18:05:41,544:DEBUG:discord.client: Dispatching event socket_response
2020-08-11 18:05:41,544:DEBUG:discord.client: Dispatching event socket_raw_send
2020-08-11 18:05:41,545:DEBUG:discord.client: Dispatching event socket_raw_send
2020-08-11 18:05:41,546:INFO:discord.gateway: Shard ID None has sent the IDENTIFY payload.
2020-08-11 18:05:41,582:DEBUG:discord.client: Dispatching event socket_raw_receive
2020-08-11 18:05:41,582:DEBUG:discord.gateway: For Shard ID None: WebSocket Event: {'t': None, 's': None, 'op': 11, 'd': None}
2020-08-11 18:05:41,582:DEBUG:discord.client: Dispatching event socket_response
2020-08-11 18:05:41,633:DEBUG:discord.client: Dispatching event socket_raw_receive
2020-08-11 18:05:41,633:DEBUG:discord.gateway: For Shard ID None: WebSocket Event: {'t': 'READY', 's': 1, 'op': 0, 'd': {'v': 6, 'user_settings': {}, 'user': {'verified': True, 'username': 'NotesCreator', 'mfa_enabled': False, 'id': '742841969679532073', 'flags': 0, 'email': None, 'discriminator': '6685', 'bot': True, 'avatar': 'b771640db0eceef8b503b2cc4c4c29c9'}, 'session_id': 'ac9b5f9c5b58874a59224fedac52c0c6', 'relationships': [], 'private_channels': [], 'presences': [], 'guilds': [{'unavailable': True, 'id': '724032057696714786'}], 'application': {'id': '742841969679532073', 'flags': 0}, '_trace': ['["gateway-prd-main-j2rq",{"micros":39716,"calls":["discord-sessions-prd-2-60",{"micros":34804,"calls":["start_session",{"micros":32459,"calls":["api-prd-main-0nrx",{"micros":30142,"calls":["get_user",{"micros":1897},"add_authorized_ip",{"micros":3214},"get_guilds",{"micros":1845},"coros_wait",{"micros":1}]}]},"guilds_connect",{"micros":2,"calls":[]},"presence_connect",{"micros":1643,"calls":[]}]}]}]']}}
2020-08-11 18:05:41,634:DEBUG:discord.client: Dispatching event socket_response
2020-08-11 18:05:41,634:INFO:discord.gateway: Shard ID None has connected to Gateway: ["gateway-prd-main-j2rq",{"micros":39716,"calls":["discord-sessions-prd-2-60",{"micros":34804,"calls":["start_session",{"micros":32459,"calls":["api-prd-main-0nrx",{"micros":30142,"calls":["get_user",{"micros":1897},"add_authorized_ip",{"micros":3214},"get_guilds",{"micros":1845},"coros_wait",{"micros":1}]}]},"guilds_connect",{"micros":2,"calls":[]},"presence_connect",{"micros":1643,"calls":[]}]}]}] (Session ID: ac9b5f9c5b58874a59224fedac52c0c6).
2020-08-11 18:05:41,665:DEBUG:discord.client: Dispatching event connect
2020-08-11 18:05:41,666:DEBUG:discord.client: Dispatching event socket_raw_receive
2020-08-11 18:05:41,666:DEBUG:discord.gateway: For Shard ID None: WebSocket Event: {'t': 'GUILD_CREATE', 's': 2, 'op': 0, 'd': {'public_updates_channel_id': None, 'system_channel_flags': 0, 'region': 'us-east', 'voice_states': [], 'default_message_notifications': 0, 'unavailable': False, 'presences': [{'user': {'id': '495669745966776345'}, 'status': 'online', 'game': None, 'client_status': {'web': 'online'}, 'activities': []}, {'user': {'id': '742841969679532073'}, 'status': 'online', 'game': {'type': 0, 'name': 'Taking Notes --> use **commands', 'id': 'ec0b28a579ecb4bd', 'created_at': 1597183512932}, 'client_status': {'web': 'online'}, 'activities': [{'type': 0, 'name': 'Taking Notes --> use **commands', 'id': 'ec0b28a579ecb4bd', 'created_at': 1597183512932}]}], 'lazy': True, 'premium_tier': 0, 'afk_timeout': 300, 'emojis': [], 'icon': None, 'banner': None, 'guild_hashes': {'version': 1, 'roles': {'omitted': False, 'hash': 'NiF2AyydSOw'}, 'metadata': {'omitted': False, 'hash': 'l7ylMW5D9mY'}, 'channels': {'omitted': False, 'hash': 'BiKbfyeZDi4'}}, 'joined_at': '2020-08-11T20:48:52.101064+00:00', 'features': [], 'explicit_content_filter': 0, 'owner_id': '495669745966776345', 'large': False, 'name': 'Online Storage', 'rules_channel_id': None, 'afk_channel_id': None, 'max_video_channel_users': 25, 'channels': [{'type': 4, 'position': 0, 'permission_overwrites': [], 'name': 'Text Channels', 'id': '724032058531381248'}, {'type': 4, 'position': 0, 'permission_overwrites': [], 'name': 'Voice Channels', 'id': '724032058531381249'}, {'type': 0, 'topic': None, 'rate_limit_per_user': 0, 'position': 0, 'permission_overwrites': [], 'parent_id': '724032058531381248', 'name': 'general', 'last_message_id': '742847227612889169', 'id': '724032058531381250'}, {'user_limit': 0, 'type': 2, 'position': 0, 'permission_overwrites': [], 'parent_id': '724032058531381249', 'name': 'General', 'id': '724032058531381251', 'bitrate': 64000}, {'type': 0, 'topic': None, 'rate_limit_per_user': 0, 'position': 1, 'permission_overwrites': [], 'parent_id': '724032058531381248', 'nsfw': False, 'name': 'test', 'last_message_id': '742866261230485505', 'id': '742859573093728326'}], 'system_channel_id': '724032058531381250', 'mfa_level': 0, 'application_id': None, 'discovery_splash': None, 'premium_subscription_count': 0, 'vanity_url_code': None, 'member_count': 2, 'roles': [{'position': 0, 'permissions_new': '104320577', 'permissions': 104320577, 'name': '@everyone', 'mentionable': False, 'managed': False, 'id': '724032057696714786', 'hoist': False, 'color': 0}, {'tags': {'bot_id': '742841969679532073'}, 'position': 1, 'permissions_new': '330752', 'permissions': 330752, 'name': 'NotesCreator', 'mentionable': False, 'managed': True, 'id': '742847024264642673', 'hoist': False, 'color': 0}], 'preferred_locale': 'en-US', 'description': None, 'members': [{'user': {'username': 'Life Whiz', 'public_flags': 64, 'id': '495669745966776345', 'discriminator': '6548', 'avatar': 'f7637b4db3335ec55fa69aeda9b531f3'}, 'roles': [], 'mute': False, 'joined_at': '2020-06-20T22:44:54.518000+00:00', 'hoisted_role': None, 'deaf': False}, {'user': {'username': 'NotesCreator', 'id': '742841969679532073', 'discriminator': '6685', 'bot': True, 'avatar': 'b771640db0eceef8b503b2cc4c4c29c9'}, 'roles': ['742847024264642673'], 'premium_since': None, 'nick': None, 'mute': False, 'joined_at': '2020-08-11T20:48:52.101064+00:00', 'hoisted_role': None, 'deaf': False}], 'splash': None, 'verification_level': 0, 'id': '724032057696714786'}}
2020-08-11 18:05:41,666:DEBUG:discord.client: Dispatching event socket_response
2020-08-11 18:05:41,667:DEBUG:discord.client: Dispatching event guild_available
2020-08-11 18:05:43,669:DEBUG:discord.client: Dispatching event ready
2020-08-11 18:05:43,670:DEBUG:discord.gateway: Sending "{"op":3,"d":{"game":{"type":0,"name":"Taking Notes --> use **commands","timestamps":{}},"afk":false,"since":0.0,"status":"online"}}" to change status
2020-08-11 18:05:43,670:DEBUG:discord.client: Dispatching event socket_raw_send
2020-08-11 18:05:44,632:DEBUG:discord.client: Dispatching event socket_raw_receive
2020-08-11 18:05:44,632:DEBUG:discord.gateway: For Shard ID None: WebSocket Event: {'t': 'TYPING_START', 's': 3, 'op': 0, 'd': {'user_id': '495669745966776345', 'timestamp': 1597183544, 'member': {'user': {'username': 'Life Whiz', 'public_flags': 64, 'id': '495669745966776345', 'discriminator': '6548', 'avatar': 'f7637b4db3335ec55fa69aeda9b531f3'}, 'roles': [], 'mute': False, 'joined_at': '2020-06-20T22:44:54.518000+00:00', 'hoisted_role': None, 'deaf': False}, 'channel_id': '742859573093728326', 'guild_id': '724032057696714786'}}
2020-08-11 18:05:44,633:DEBUG:discord.client: Dispatching event socket_response
2020-08-11 18:05:44,633:DEBUG:discord.client: Dispatching event typing
2020-08-11 18:05:46,900:DEBUG:discord.client: Dispatching event socket_raw_receive
2020-08-11 18:05:46,900:DEBUG:discord.gateway: For Shard ID None: WebSocket Event: {'t': 'MESSAGE_CREATE', 's': 4, 'op': 0, 'd': {'type': 0, 'tts': False, 'timestamp': '2020-08-11T22:05:46.873000+00:00', 'pinned': False, 'nonce': '742866380012912640', 'mentions': [], 'mention_roles': [], 'mention_everyone': False, 'member': {'roles': [], 'mute': False, 'joined_at': '2020-06-20T22:44:54.518000+00:00', 'hoisted_role': None, 'deaf': False}, 'id': '742866380382142576', 'flags': 0, 'embeds': [], 'edited_timestamp': None, 'content': '**toneanalyze I am a good boy. But I am also sad.', 'channel_id': '742859573093728326', 'author': {'username': 'Life Whiz', 'public_flags': 64, 'id': '495669745966776345', 'discriminator': '6548', 'avatar': 'f7637b4db3335ec55fa69aeda9b531f3'}, 'attachments': [], 'guild_id': '724032057696714786'}}
2020-08-11 18:05:46,901:DEBUG:discord.client: Dispatching event socket_response
2020-08-11 18:05:46,901:DEBUG:discord.client: Dispatching event message
2020-08-11 18:06:11,520:INFO:discord.client: Cleaning up tasks.
2020-08-11 18:06:11,520:INFO:discord.client: Cleaning up after 4 tasks.
2020-08-11 18:06:11,685:INFO:discord.client: Closing the event loop.
